\BOOKMARK [1][-]{section.1}{Abstract}{}% 1
\BOOKMARK [1][-]{section.2}{Utenti Destinatari}{}% 2
\BOOKMARK [1][-]{section.3}{Accessibilit\340}{}% 3
\BOOKMARK [2][-]{subsection.3.1}{Separazione fra comportamento, presentazione e struttura}{section.3}% 4
\BOOKMARK [2][-]{subsection.3.2}{Tag per l'accessibilit\340}{section.3}% 5
\BOOKMARK [2][-]{subsection.3.3}{Scelta dei colori}{section.3}% 6
\BOOKMARK [2][-]{subsection.3.4}{Strumenti generici di accessibilit\340}{section.3}% 7
\BOOKMARK [1][-]{section.4}{Usabilit\340}{}% 8
\BOOKMARK [2][-]{subsection.4.1}{Navigabilit\340}{section.4}% 9
\BOOKMARK [2][-]{subsection.4.2}{Utilit\340 attesa}{section.4}% 10
\BOOKMARK [2][-]{subsection.4.3}{Completezza dei contenuti}{section.4}% 11
\BOOKMARK [2][-]{subsection.4.4}{Comprensibilit\340 delle informazioni}{section.4}% 12
\BOOKMARK [2][-]{subsection.4.5}{Efficacia comunicativa}{section.4}% 13
\BOOKMARK [2][-]{subsection.4.6}{Attrattivit\340 grafica}{section.4}% 14
\BOOKMARK [1][-]{section.5}{Struttura}{}% 15
\BOOKMARK [2][-]{subsection.5.1}{Pagine raggiungibili da tutti gli utenti}{section.5}% 16
\BOOKMARK [2][-]{subsection.5.2}{Pagine raggiungibili dagli utenti registrati}{section.5}% 17
\BOOKMARK [2][-]{subsection.5.3}{Pagine raggiungibili dagli amministratori}{section.5}% 18
\BOOKMARK [1][-]{section.6}{Presentazione}{}% 19
\BOOKMARK [1][-]{section.7}{Comportamento}{}% 20
\BOOKMARK [1][-]{section.8}{Gestione dei dati}{}% 21
\BOOKMARK [1][-]{section.9}{Validazione e Test}{}% 22
\BOOKMARK [2][-]{subsection.9.1}{Validazione}{section.9}% 23
\BOOKMARK [2][-]{subsection.9.2}{Test}{section.9}% 24
\BOOKMARK [1][-]{appendix.Alph1}{Organizzazione del gruppo}{}% 25
